1
4
8
2
5
3
3
1
3
5
2
12
6
3
8
4
1
4
2
4
4
12
5
4
2
6
1
6
6
5
1
1
1
3
3
1
2
1
1
1
4
1
1
3
3
1
2
2
2
5
1
1
2
12
6
1
6
1
4
1
3
3
1
1
6
2
3
8
2
5
1
3
2
4
4
1
1
8
3
5
2
6
3
3
1
4
1
1
1
2
5
9
5
4
1
1
7
5
3
5
1
2
1
5
1
1
1
6
10
1
3
4
8
8
3
1
4
1
4
1
1
5
2
1
2
2
5
2
2
3
4
2
3
2
5
1
1
3
3
3
2
2
4
3
2
4
1
8
1
1
7
2
3
2
15
1
3
4
4
3
2
8
3
4
7
6
3
1
12
1
2
2
2
3
1
6
1
2
2
1
1
2
4
12
3
2
9
5
1
1
1
3
4
3
1
8
5
4
5
6
3
2
1
1
4
6
1
3
4
2
4
2
4
3
1
6
3
1
1
5
1
1
4
1
3
1
8
1
2
1
1
4
1
4
8
4
5
3
3
2
1
2
1
5
3
2
16
1
1
4
1
2
12
1
1
1
1
1
5
1
2
16
8
1
20
4
1
3
4
10
2
1
1
2
1
1
2
5
2
5
1
9
2
5
5
2
4
11
4
2
1
4
3
4
3
4
4
2
2
2
2
6
2
2
3
2
3
3
1
2
4
4
1
1
3
2
2
5
3
4
4
6
1
6
1
2
2
6
3
1
4
1
4
2
1
8
2
3
3
1
1
5
5
6
3
1
6
3
4
6
1
1
1
3
10
1
3
3
3
6
10
1
1
3
7
8
2
4
1
1
4
9
1
4
3
3
1
1
2
1
15
1
3
2
1
1
1
3
2
3
2
2
1
2
1
1
12
3
4
1
1
6
4
5
3
5
7
3
5
3
2
2
1
2
3
3
8
1
10
2
2
6
2
1
4
8
1
1
5
4
5
1
1
5
3
3
1
3
25
1
1
4
3
15
10
3
2
3
6
5
3
2
5
3
4
3
6
8
2
1
10
3
2
4
4
25
1
1
1
2
1
4
2
3
3
1
3
1
5
1
2
3
4
1
1
3
1
1
1
1
12
1
4
4
4
6
2
3
1
4
6
1
4
2
2
2
4
3
2
1
5
1
1
3
8
5
1
1
1
6
1
3
12
1
2
2
9
4
1
1
4
1
1
12
4
2
4
1
2
2
3
2
1
1
1
4
1
5
3
4
3
3
5
4
1
2
5
2
2
3
1
3
3
12
1
1
2
2
3
1
2
1
1
1
2
1
1
2
2
3
2
1
1
4
3
10
5
2
8
20
1
7
5
2
1
4
1
3
3
3
4
1
1
4
9
3
4
2
3
2
3
4
1
3
7
8
1
3
2
4
5
4
1
2
9
1
2
4
1
3
3
5
2
3
2
5
6
1
1
1
4
2
3
3
3
3
5
2
3
1
1
1
2
5
1
1
2
4
20
1
3
3
3
6
1
12
1
3
1
4
25
4
1
3
10
1
1
2
2
6
1
6
6
1
1
5
1
1
2
3
3
2
10
3
1
10
8
1
1
3
2
15
1
1
1
5
1
2
1
6
2
4
20
2
3
2
4
4
3
2
2
1
8
1
1
4
5
3
1
2
1
6
6
1
1
1
7
5
1
1
1
2
1
1
4
1
4
1
4
1
6
2
4
1
2
4
2
1
1
1
4
5
1
4
1
3
2
1
2
3
7
4
1
1
6
2
2
1
4
6
4
7
8
2
4
5
1
1
3
1
1
3
1
3
2
3
3
2
3
7
1
1
5
1
8
1
4
1
4
1
6
3
12
2
1
2
7
3
1
7
1
2
3
1
1
15
2
5
2
4
4
4
4
1
4
8
1
8
1
3
1
2
1
10
2
1
4
6
1
3
3
1
4
16
2
15
10
1
3
5
3
1
2
7
1
4
3
2
2
2
1
1
3
1
2
6
6
4
2
1
1
9
1
1
1
3
1
1
1
15
2
3
15
1
1
3
4
11
4
5
2
5
3
5
2
6
1
4
3
2
8
3
6
2
9
3
2
4
10
3
1
1
5
2
3
4
1
3
4
1
1
3
4
10
1
8
10
1
6
8
2
1
2
15
2
2
1
3
2
5
2
5
2
2
1
12
1
3
1
1
1
3
1
5
1
3
2
4
1
15
3
5
1
1
1
4
3
1
3
5
2
3
2
2
1
1
4
1
1
1
5
1
2
3
1
1
2
12
2
5
1529
4114
4529
2469
5921
4655
3128
8139
2791
2709
2137
1663
6416
3892
5386
4922
2715
4622
5409
5755
8805
8668
6797
2632
5380
5742
2802
860
5798
5328
6902
8283
5010
1589
4592
5321
4208
5718
1938
7617
7976
3985
8013
6594
5499
1073
1093
2355
2739
6953
5616
2550
3063
4240
3862
5549
6933
4731
5427
4505
5158
1182
5380
4940
8341
2883
4691
5649
163
6694
3196
5068
8203
7068
2432
4527
1498
2042
2881
5209
1545
2799
6849
3431
3830
2915
1
2690
2631
7005
1528
2430
2210
5247
4654
2295
1889
6265
1584
2310
1569
4420
267
556
3491
2224
8552
2332
4297
3053
5308
7969
6736
4437
4808
3884
5469
3156
4723
3466
2460
2879
8793
8244
1671
1983
4589
7081
3599
1862
3642
5970
2334
5035
3534
6407
2553
5976
8507
8697
4655
5167
1738
8174
8286
8622
1958
2008
4628
1602
4530
8276
2789
6758
2198
1600
5576
4482
63
5674
1768
2973
2750
4444
6075
4694
1847
2579
5642
2777
5596
8155
1671
2252
7540
4253
4195
6925
3579
3811
6479
3411
1758
1705
4904
4608
5106
3591
677
4898
5466
1800
6076
2415
7666
3464
5164
2456
5820
1105
4936
3493
2281
4584
6395
3548
3042
5066
8236
2334
1582
552
3159
5187
7495
2203
2541
2633
7053
8027
5125
7186
1684
5581
3726
8826
2509
2216
4193
4
5900
5879
5285
4365
1747
8598
2451
8145
1940
1871
7615
2216
5537
5909
7623
2898
3475
1938
2229
2789
5435
8596
2932
1912
7502
4744
1739
2141
5185
1580
4585
4927
7930
2561
5122
5462
4536
4725
2628
7785
4793
4688
2809
5406
5834
3201
5313
1950
8500
2112
7257
5851
2133
4807
2619
4834
8348
2402
2583
4977
5125
7581
6932
4965
5397
7539
4065
7441
2529
5973
922690
1509956
1434375
