1
494072953
955515735
930147027
955842302
761692889
32206866
901730234
581384898
478138726
733765813
601185869
391604934
340859416
484158027
585244131
300562548
557650293
647143623
217772452
864083348
841670510
132415589
901020709
809608205
612020220
949167323
732135193
532466275
213820858
827345933
924903555
105421499
202089319
553768403
577100653
189244669
327512726
113144886
694163664
41161471
563655154
851545457
146380723
356165197
39153872
341512700
676394596
815460179
167943476
386599321
299208281
668567115
487890484
613507775
708676485
274520559
85492125
897308877
978490762
948875325
943144810
868350112
878939019
98181280
341821952
729151946
591744833
611535152
51242455
811809245
897140622
899550005
943044668
721717548
804832158
978330559
835842893
851752416
268720364
567765956
769361037
421168532
774539926
735666838
894884490
587640682
9467320
565372448
99370432
785288789
283019328
960895341
507766496
152180824
812951074
905281636
872104191
842053001
898290396
578158077
490517781
409403868
802263147
600975015
720295422
778523996
743675500
934818199
77939922
680159821
539133949
442246684
540595953
437955605
107149062
327696730
942258286
11516915
300620997
496118288
947342821
925219948
418784475
902813285
16868210
303404370
679146084
606181322
311591281
469093960
533755762
880197402
310139481
203405364
804625070
869464846
286697891
944544223
497474985
786505921
73348740
600233273
659738071
327704177
935983047
541796735
673216001
149973628
286962418
609044107
721540493
785542496
39095537
96451108
788962054
633237419
558412334
965590812
620725861
872457341
943750497
719795393
183268144
941879065
991961057
441986903
448018546
500043470
126579479
625409562
416916133
556772036
308985206
177542293
897701440
345719203
359283886
684887527
206293395
597833854
249635094
332866418
93725567
184936460
693671792
926760206
430237328
332004129
795306397
901243905
85953783
803916051
839376878
441889897
479407924
651195691
306579682
199233986
487562752
873308795
334228602
159633733
486266621
180036987
738360431
315526039
193528766
134237100
29339355
927305813
172255702
762771351
378885123
965592884
855103870
823935173
268094551
522316947
23868732
980605454
140009821
573908612
960508504
368107196
518747690
569302556
511557442
891336613
743166323
312539045
845787744
288578371
439732566
236052292
536584666
381728340
789233720
569580635
576420392
545170901
234757437
334216811
327374466
380792833
310924379
271400929
5049854
628006445
395142013
48857435
256427534
18103642
867874196
469019335
687236119
418612172
572936563
282940285
905369486
420679216
523041471
2095783
404527196
288641419
815326712
693499925
125867501
813813981
222376248
404024185
37636770
697370371
17458438
670565002
596116400
708165970
361524728
255245914
802687357
578541163
389523852
57975948
571587200
850751001
186702639
110436918
942264522
462132038
298034943
720207439
923897334
820103620
367070108
840540142
372071700
226607080
87762162
536775155
158203176
319283924
856393272
484903271
465934528
916494696
170978944
849499983
928855009
621695601
932894380
738591758
346458737
429791957
731824619
347204568
480215057
986468408
875521626
602741212
892987695
387638415
38624507
730861959
283944844
312483547
469977448
119276158
692512254
358668798
656822066
955509780
639248087
271966032
41137800
389612530
902337568
900798665
272826432
842359425
321046653
326836245
528309003
314634328
116655052
411219402
833184306
424047444
733371306
759112500
339452975
849452890
288123042
739784008
650426766
281852223
645062478
840628396
974201804
697762119
521752980
282698551
294128429
423728688
774130623
384873336
784123625
446193687
258532939
658547815
658449161
107854028
180739876
464969581
379648777
842869074
694061347
322653834
408235298
277001528
99400962
934752226
242003287
81181481
705824871
650744145
11874256
404920190
543966910
162186512
703627744
578884291
328092783
518852429
221225015
265608771
773166061
993889974
793595090
88625695
190045434
465846315
552895475
396219649
737685390
109984335
684041252
727950599
493382894
404149086
449057166
473266835
167375456
63760414
361206422
868170912
448427884
273666410
416554025
146934245
875629999
843996943
979058419
149690397
764139243
920794052
34048894
314672054
261167736
367998687
156094521
634473436
312756645
360729097
692426247
599035468
285316795
853674355
463573752
950769140
683815649
138351522
669650747
906745090
21014377
897652692
599893206
279023778
702975723
201002598
389706368
636721298
6957478
108123035
458026420
890751487
83316158
276148993
236757165
966226411
747223240
131911732
294417084
678526918
736202542
573572237
435591834
171742110
352547176
121294163
332761359
822685187
462884924
211019317
482883346
422057416
216651213
64040083
800040829
70995325
849957810
473394644
702608552
2419576
143809236
410950029
353963714
423049172
737761744
673209398
202737259
493844955
851747914
756802198
257917232
434234378
644371389
330295087
792502515
877721001
226745965
436945610
718893748
211439092
676693172
956364015
104941555
159586361
849673150
46345177
787799181
21649506
320700272
579259887
724341955
808473715
367161084
615398144
506945704
889862635
204164231
383858697
30980957
878774559
325377238
152490609
657882154
523421757
745210526
302222208
498108044
950624688
274011985
384756778
963867701
491444285
566076543
827149778
937959245
450467154
755472657
992199063
222681823
374899037
455274274
443417031
356334581
451956303
165077596
918000613
732563002
241446978
53494735
530918204
222386522
956642206
530768579
224285422
290459153
372133862
685420368
375129262
990308246
95762263
937521305
212981859
791758919
231623918
763070930
644759458
810986815
663491338
127940666
233647741
291026413
421084285
753658381
987382615
730547430
495688781
457467023
207619083
737056730
314783628
581021515
166979201
270053128
654998901
23765129
178287109
351319375
597722233
582834506
520759783
367608690
805060906
67635390
973609121
140723617
817147136
597724286
226470088
736546259
578525301
178288490
800239997
849604404
791203785
645172900
607741473
717368863
90913121
532749056
189715753
151693540
206081560
949041393
207722656
136929445
604666302
774089150
37983210
677548903
229477775
427199448
932127663
54658197
832316072
495768740
615837451
45378729
98518719
455834834
842979886
429546842
398968246
232025073
945332674
810910073
933006909
894513869
113653904
424271824
981306916
449268583
539845121
52583791
25554094
907894463
547312562
380629450
771833793
584198197
911439159
986641810
733518968
313540482
888166294
498724610
850100828
988169914
321543112
952754180
355694836
251856666
534667510
219140909
992289595
836423954
552441555
54197938
873529002
732488283
768307762
790080749
509225134
380482752
562618480
969719035
38341920
848882010
528576971
651247537
662208083
408948533
981467616
649755839
139622758
215180715
62866273
886937675
2512810
400102056
6200655
308518558
704528138
943456909
526936617
263776226
435993159
80553930
268333675
771139153
620495529
900550181
912861879
28833150
295742140
497373256
800301960
769782031
52743348
332049570
528407237
717333747
731997871
622577136
506380522
491343360
149835735
695411499
33159392
830077820
156087372
339209746
303805027
263783774
198983409
235710036
829959210
232829235
89355028
359787590
110634240
485524146
963907839
857389091
639566299
941195579
707859934
806114825
256466888
733821600
135920242
120764004
567989385
227152061
527497752
969149638
142820927
374370180
7843781
483417065
211804066
499163787
682995800
244821308
398568726
144322065
27476973
995666132
889380992
132013679
315213990
278957701
353628749
64014039
345711222
61513452
930089537
467835799
203272437
897912275
325584151
236886009
881331635
162813129
144265175
296667638
761379600
71217968
220535913
353261420
690989037
767918657
455969981
891227662
587564316
395365232
757161169
422227251
160972982
916636529
831012504
909316004
120643721
832225796
498325845
368633836
509981535
903214806
107974216
383422886
27775811
325462611
658154228
530818009
331475910
140010485
911798216
473986581
813751147
796674791
72000061
834101911
863502869
91425154
252027654
892287569
777333210
588354974
405030076
250640431
465954327
595985320
427974255
125294816
785677096
624724445
39364040
471080234
107865868
675101128
282889697
610403248
169167815
429749416
242574432
8030507
791015333
198940713
652397295
313312156
197797903
632883712
765464918
846638214
661686706
630093278
793615359
155228658
920358652
641389179
903985453
13995435
382242318
833454622
253560073
903790897
715984560
733487854
221778343
784641101
267469869
659310519
529845698
47180773
214376322
521251994
193180775
99628185
111353641
627793680
105637869
276893936
762604784
131989238
383402790
920726717
430411934
684201152
960616408
185392213
289255059
810624435
226359351
765518852
664091334
850883821
375097436
582969903
567236674
161940276
94373799
152087393
462041936
581801310
206394990
809783513
426521806
610099268
420696816
93396736
290494408
673662510
490670608
57410098
43730478
489717545
834459395
561848549
938607061
751630507
116192542
816081198
771976786
930309045
419606429
478826860
368190760
858790263
735800079
878647896
259115748
349017541
70772310
400926862
175202147
295624797
524658601
281228621
654908038
479587902
306549286
713052064
121701140
230061956
706938314
692217672
272046525
794657223
683256274
887762737
208382104
452436199
686268773
267395947
48554028
478871238
507325603
241515560
796521546
629589449
783372272
713218990
877704217
296687834
465830470
303541950
343356713
897582447
502338306
104422249
36873640
10142246
941850373
575760136
818544886
844632097
308204539
100819677
324815579
249566655
315909099
720434337
13028724
438223751
649926955
536798966
972611275
348894270
26833275
494282968
569726489
749822568
259230876
185640802
344592251
23462116
31837538
308948722
736861450
766240599
867608736
940725953
930081687
681043260
446081628
908429217
823673083
1
