2064224987624
2144289245266
1980473559532
673020008700
1029066674732
6795229632
455894416
9961481994
2732526710
6743951374
2937044640
10070415390
4237611828
10297813450
1309983516
7050905236
10277600630
9427489810
8987624186
8665140724
10611750
2618030048
3282239954
9377781722
1175314958
8679516686
12766763224
482267232
8718929312
2723815556
3243754484
3266535738
1064682226
1940060280
4935262782
2795171954
3919409216
10735606856
525348316
685336602
14040470316
994077696
3976369202
11545114678
2367907694
16653255314
1497250336
13358616438
10796178906
10892053822
11767944762
19956915906
3418929810
1869294316
5042630898
10830127776
2804217328
9334844344
6640175094
7076616806
9520327000
1877861720
3153899806
14265300454
14466632928
4212489988
6451510892
5396589344
3076944564
6873059266
2317993656
428960994
5677533828
5696123254
13671670254
9411930872
4566621364
12043184146
901114698
862167890
6801317358
3324405624
7659212786
7095201288
7686229074
14227830318
13188197102
137005008
4034565132
407690834
7282525024
5154595150
4423235420
11602523352
13383954458
7028378914
13248530618
2106178848
13852976950
1090832500
4003324040
5723331572
4911671392
15531860458
4269222660
4164254704
3911863398
2090461900
1242727024
4609557320
9177578838
8045016886
4980569534
3244322502
4716994658
3238447554
111752046
2233371348
646264952
6588549322
1078119518
2523679946
6908996952
2151155408
1084965842
500377024
4724440198
7290480978
2031665072
3733426466
2715437624
662401716
987675320
4487841948
3315452874
930292364
2361352702
161407430
959176386
1657050888
7354865900
1520232466
5433290984
700851028
1367757340
131600896
2583964956
973147650
3043001782
589529016
4191318538
356895826
408317688
3225000696
2133629530
1587003642
94515854
5557207414
2639783478
3247054182
447869360
173254320
2961596432
6712292134
2475648586
4818630542
3974298734
2776421530
5295373856
1158280490
6052785362
7461984570
526382040
1850664406
3634065932
2306346418
60983188
3416278688
252716224
3073723894
2766787314
1242900500
692858958
1160781854
1505861382
2425812448
2992262156
6853172514
9020137840
1436458950
3797034112
1443022878
1780877526
1984539116
7061085534
377367832
4444966120
302008216
5091147524
719506282
979849868
2172021298
4198519204
1292825386
2192603664
1401563616
3051668500
1306103984
837808716
3614042194
603805874
445242706
1878379074
21641378
2987889778
1350395310
3586199122
320080218
1391694194
405600610
922445292
187898400
11256792
225404282
1382974274
1439609970
895742750
1270866254
1376962688
4740164226
2538211994
727815602
388829012
1454624816
1439780230
128742252
569101600
2095694996
1355902510
1444180418
1319798056
229458588
419514036
83972716
1384359434
4364244738
1545210338
408874388
1363360728
881299560
3820027438
616327400
1978492588
3296130316
1354213210
808180150
510850932
202120934
1688831294
2648121330
520008242
941175290
1580393130
2248545568
336070384
2413830570
176997790
2439401804
872564452
1932059424
1507697548
1389460976
3953386608
2182637412
208490868
407976874
845177432
3019691684
601107666
1607159468
1783860146
84060632
368135680
2589418748
1134396700
2064170672
404685060
205995402
1936925732
3531522846
1082461538
2338300540
2004026566
585763470
1872436688
858879746
3481644024
832998622
380100878
2678886200
245634634
3252460632
268269810
1523593288
2216559644
2274411984
2279373632
1407505312
580388070
44303526
1234851616
314263800
1066915410
469127852
3657799242
2972908862
1311136516
164188410
1762269742
1139958086
1556161284
535663548
170155884
3303634038
23068972
4217783102
44537288
3695504082
1656288474
1281786298
1888849790
4334782852
2308888620
606115402
2019039684
795544522
110524874
2669747570
4351779734
2379473008
1384563640
1541131454
976567314
1550748776
1808730306
2892171626
2394938108
827463312
952155670
907740640
3628254716
189363150
725078938
3284364076
789995578
3389774768
210267278
628385520
159071560
2038321112
1471931364
1173173272
41275192
1954697020
1259212380
3926423106
452962876
625062122
1431170078
172138508
892642284
1497497294
1623652788
1093851602
2522972372
2035218190
2265906808
880635300
1812820640
736695768
77498040
2304378784
265391274
875651382
1692619158
1814201740
1923546312
602747012
112399426
2498514348
4127063178
2046086582
2636431324
1475087240
352523654
3582914496
171395376
11814312
180292170
3235778578
29686392
1487356682
597990808
807632570
723030726
